Build started 25/06/2013 09:52:19.
     1>Project "C:\Data\NCC\!Code\FirstCaller\WindowsPENative\WindowsPENative\WindowsPENative.vcxproj" on node 2 (build target(s)).
     1>InitializeBuildStatus:
         Creating "Debug\WindowsPENative.unsuccessfulbuild" because "AlwaysCreate" was specified.
       ClCompile:
         All outputs are up-to-date.
         c:\Program Files (x86)\Microsoft Visual Studio 10.0\VC\bin\CL.exe /c /ZI /nologo /W3 /WX- /Od /Oy- /D WIN32 /D _DEBUG /D _CONSOLE /D _UNICODE /D UNICODE /Gm /EHsc /RTC1 /MDd /GS /fp:precise /Zc:wchar_t /Zc:forScope /Yu"StdAfx.h" /Fp"Debug\WindowsPENative.pch" /Fo"Debug\\" /Fd"Debug\vc100.pdb" /Gd /TP /analyze- /errorReport:prompt WindowsPENative.cpp
         WindowsPENative.cpp
     1>c:\data\ncc\!code\firstcaller\windowspenative\windowspenative\windowspenative.cpp(5): warning C4603: 'constructor' : macro is not defined or definition is different after precompiled header use
                 Add macro to precompiled header instead of defining here
                 c:\data\ncc\!code\firstcaller\windowspenative\windowspenative\windowspenative.cpp(6) : use of precompiled header
       ManifestResourceCompile:
         All outputs are up-to-date.
       Link:
         c:\Program Files (x86)\Microsoft Visual Studio 10.0\VC\bin\link.exe /ERRORREPORT:PROMPT /OUT:"C:\Data\NCC\!Code\FirstCaller\WindowsPENative\Debug\WindowsPENative.exe" /INCREMENTAL /NOLOGO kernel32.lib user32.lib gdi32.lib winspool.lib comdlg32.lib advapi32.lib shell32.lib ole32.lib oleaut32.lib uuid.lib odbc32.lib odbccp32.lib /MANIFEST /ManifestFile:"Debug\WindowsPENative.exe.intermediate.manifest" /MANIFESTUAC:"level='asInvoker' uiAccess='false'" /DEBUG /PDB:"C:\Data\NCC\!Code\FirstCaller\WindowsPENative\Debug\WindowsPENative.pdb" /SUBSYSTEM:CONSOLE /TLBID:1 /DYNAMICBASE /NXCOMPAT /IMPLIB:"C:\Data\NCC\!Code\FirstCaller\WindowsPENative\Debug\WindowsPENative.lib" /MACHINE:X86 Debug\WindowsPENative.exe.embed.manifest.res
         Debug\stdafx.obj
         Debug\WindowsPENative.obj
       Manifest:
         C:\Program Files (x86)\Microsoft SDKs\Windows\v7.0A\bin\mt.exe /nologo /verbose /out:"Debug\WindowsPENative.exe.embed.manifest" /manifest Debug\WindowsPENative.exe.intermediate.manifest
         All outputs are up-to-date.
       LinkEmbedManifest:
         All outputs are up-to-date.
         WindowsPENative.vcxproj -> C:\Data\NCC\!Code\FirstCaller\WindowsPENative\Debug\WindowsPENative.exe
       FinalizeBuildStatus:
         Deleting file "Debug\WindowsPENative.unsuccessfulbuild".
         Touching "Debug\WindowsPENative.lastbuildstate".
     1>Done Building Project "C:\Data\NCC\!Code\FirstCaller\WindowsPENative\WindowsPENative\WindowsPENative.vcxproj" (build target(s)).

Build succeeded.

Time Elapsed 00:00:00.28
