Build started 25/06/2013 13:55:18.
     1>Project "C:\Data\NCC\!Code\FirstCaller\WindowsPENative\DLLLoader\DLLLoader.vcxproj" on node 2 (build target(s)).
     1>InitializeBuildStatus:
         Creating "Release\DLLLoader.unsuccessfulbuild" because "AlwaysCreate" was specified.
       ClCompile:
         All outputs are up-to-date.
         c:\Program Files (x86)\Microsoft Visual Studio 10.0\VC\bin\CL.exe /c /Zi /nologo /W3 /WX- /O2 /Oi /Oy- /GL /D WIN32 /D NDEBUG /D _CONSOLE /D _UNICODE /D UNICODE /Gm- /EHsc /MD /GS /Gy /fp:precise /Zc:wchar_t /Zc:forScope /Yu"StdAfx.h" /Fp"Release\DLLLoader.pch" /Fo"Release\\" /Fd"Release\vc100.pdb" /Gd /TP /analyze- /errorReport:prompt DLLLoader.cpp
         DLLLoader.cpp
       Link:
         c:\Program Files (x86)\Microsoft Visual Studio 10.0\VC\bin\link.exe /ERRORREPORT:PROMPT /OUT:"C:\Data\NCC\!Code\FirstCaller\WindowsPENative\Release\DLLLoader.exe" /INCREMENTAL:NO /NOLOGO kernel32.lib user32.lib gdi32.lib winspool.lib comdlg32.lib advapi32.lib shell32.lib ole32.lib oleaut32.lib uuid.lib odbc32.lib odbccp32.lib /MANIFEST /ManifestFile:"Release\DLLLoader.exe.intermediate.manifest" /MANIFESTUAC:"level='asInvoker' uiAccess='false'" /DEBUG /PDB:"C:\Data\NCC\!Code\FirstCaller\WindowsPENative\Release\DLLLoader.pdb" /SUBSYSTEM:CONSOLE /OPT:REF /OPT:ICF /LTCG /TLBID:1 /DYNAMICBASE /NXCOMPAT /IMPLIB:"C:\Data\NCC\!Code\FirstCaller\WindowsPENative\Release\DLLLoader.lib" /MACHINE:X86 Release\DLLLoader.obj
         Release\stdafx.obj
         Generating code
         Finished generating code
         DLLLoader.vcxproj -> C:\Data\NCC\!Code\FirstCaller\WindowsPENative\Release\DLLLoader.exe
       Manifest:
         C:\Program Files (x86)\Microsoft SDKs\Windows\v7.0A\bin\mt.exe /nologo /verbose /outputresource:"C:\Data\NCC\!Code\FirstCaller\WindowsPENative\Release\DLLLoader.exe;#1" /manifest Release\DLLLoader.exe.intermediate.manifest
       FinalizeBuildStatus:
         Deleting file "Release\DLLLoader.unsuccessfulbuild".
         Touching "Release\DLLLoader.lastbuildstate".
     1>Done Building Project "C:\Data\NCC\!Code\FirstCaller\WindowsPENative\DLLLoader\DLLLoader.vcxproj" (build target(s)).

Build succeeded.

Time Elapsed 00:00:00.87
