Build started 25/06/2013 14:05:49.
     1>Project "C:\Data\NCC\!Code\FirstCaller\WindowsPENative\WindowsPENativeDLLTLSCallBack\WindowsPENativeDLLTLSCallBack.vcxproj" on node 3 (build target(s)).
     1>InitializeBuildStatus:
         Creating "Release\WindowsPENativeDLLTLSCallBack.unsuccessfulbuild" because "AlwaysCreate" was specified.
       ClCompile:
         c:\Program Files (x86)\Microsoft Visual Studio 10.0\VC\bin\CL.exe /c /Zi /nologo /W3 /WX- /O2 /Oi /Oy- /GL /D WIN32 /D NDEBUG /D _WINDOWS /D _USRDLL /D WINDOWSPENATIVEDLLTLSCALLBACK_EXPORTS /D _WINDLL /D _UNICODE /D UNICODE /Gm- /EHsc /MD /GS /Gy /fp:precise /Zc:wchar_t /Zc:forScope /Yc"StdAfx.h" /Fp"Release\WindowsPENativeDLLTLSCallBack.pch" /Fo"Release\\" /Fd"Release\vc100.pdb" /Gd /TP /analyze- /errorReport:prompt stdafx.cpp
         stdafx.cpp
         c:\Program Files (x86)\Microsoft Visual Studio 10.0\VC\bin\CL.exe /c /Zi /nologo /W3 /WX- /O2 /Oi /Oy- /GL /D WIN32 /D NDEBUG /D _WINDOWS /D _USRDLL /D WINDOWSPENATIVEDLLTLSCALLBACK_EXPORTS /D _WINDLL /D _UNICODE /D UNICODE /Gm- /EHsc /MD /GS /Gy /fp:precise /Zc:wchar_t /Zc:forScope /Yu"StdAfx.h" /Fp"Release\WindowsPENativeDLLTLSCallBack.pch" /Fo"Release\\" /Fd"Release\vc100.pdb" /Gd /TP /analyze- /errorReport:prompt WindowsPENativeDLLTLSCallBack.cpp
         WindowsPENativeDLLTLSCallBack.cpp
       Link:
         c:\Program Files (x86)\Microsoft Visual Studio 10.0\VC\bin\link.exe /ERRORREPORT:PROMPT /OUT:"C:\Data\NCC\!Code\FirstCaller\WindowsPENative\Release\WindowsPENativeDLLTLSCallBack.dll" /INCREMENTAL:NO /NOLOGO kernel32.lib user32.lib gdi32.lib winspool.lib comdlg32.lib advapi32.lib shell32.lib ole32.lib oleaut32.lib uuid.lib odbc32.lib odbccp32.lib /MANIFEST /ManifestFile:"Release\WindowsPENativeDLLTLSCallBack.dll.intermediate.manifest" /MANIFESTUAC:"level='asInvoker' uiAccess='false'" /DEBUG /PDB:"C:\Data\NCC\!Code\FirstCaller\WindowsPENative\Release\WindowsPENativeDLLTLSCallBack.pdb" /SUBSYSTEM:WINDOWS /OPT:REF /OPT:ICF /LTCG /TLBID:1 /DYNAMICBASE /NXCOMPAT /IMPLIB:"C:\Data\NCC\!Code\FirstCaller\WindowsPENative\Release\WindowsPENativeDLLTLSCallBack.lib" /MACHINE:X86 /DLL Release\stdafx.obj
         Release\WindowsPENativeDLLTLSCallBack.obj
         Generating code
         Finished generating code
         WindowsPENativeDLLTLSCallBack.vcxproj -> C:\Data\NCC\!Code\FirstCaller\WindowsPENative\Release\WindowsPENativeDLLTLSCallBack.dll
       Manifest:
         C:\Program Files (x86)\Microsoft SDKs\Windows\v7.0A\bin\mt.exe /nologo /verbose /outputresource:"C:\Data\NCC\!Code\FirstCaller\WindowsPENative\Release\WindowsPENativeDLLTLSCallBack.dll;#2" /manifest Release\WindowsPENativeDLLTLSCallBack.dll.intermediate.manifest
       FinalizeBuildStatus:
         Deleting file "Release\WindowsPENativeDLLTLSCallBack.unsuccessfulbuild".
         Touching "Release\WindowsPENativeDLLTLSCallBack.lastbuildstate".
     1>Done Building Project "C:\Data\NCC\!Code\FirstCaller\WindowsPENative\WindowsPENativeDLLTLSCallBack\WindowsPENativeDLLTLSCallBack.vcxproj" (build target(s)).

Build succeeded.

Time Elapsed 00:00:00.47
